SF:lib/data/datasources/remote_datasource/git_repo_remote_datasource.dart
DA:25,2
DA:28,1
DA:34,2
DA:35,1
DA:38,1
DA:39,1
DA:41,1
DA:46,1
DA:52,2
DA:54,3
DA:55,4
DA:57,1
DA:61,1
DA:68,2
DA:69,1
DA:71,1
DA:72,1
DA:74,1
DA:79,1
DA:85,2
DA:86,2
DA:87,4
DA:89,1
LF:23
LH:23
end_of_record
SF:lib/data/models/github_issue_model.dart
DA:8,3
DA:15,3
DA:19,3
DA:21,3
DA:24,2
DA:25,2
DA:38,2
DA:43,3
DA:47,4
DA:49,4
LF:10
LH:10
end_of_record
SF:lib/data/models/github_issue_model.g.dart
DA:9,2
DA:10,2
DA:11,4
DA:12,2
DA:13,4
DA:14,4
DA:15,4
DA:16,2
DA:19,1
DA:20,1
DA:21,1
DA:22,1
DA:23,1
DA:24,1
DA:25,1
DA:26,1
DA:29,4
DA:30,2
DA:33,4
DA:34,2
LF:20
LH:20
end_of_record
SF:lib/data/models/github_repository_model.dart
DA:8,3
DA:19,3
DA:23,3
DA:24,3
DA:29,3
DA:33,2
DA:34,2
DA:54,2
DA:59,3
DA:65,4
DA:70,2
DA:75,3
DA:79,2
DA:80,2
DA:82,2
LF:15
LH:15
end_of_record
SF:lib/data/models/github_repository_model.g.dart
DA:9,2
DA:12,2
DA:13,4
DA:14,2
DA:15,2
DA:16,4
DA:17,2
DA:18,4
DA:19,4
DA:20,4
DA:21,2
DA:23,4
DA:24,4
DA:27,1
DA:30,1
DA:31,1
DA:32,1
DA:33,1
DA:34,2
DA:35,1
DA:36,1
DA:37,1
DA:38,1
DA:39,2
DA:40,1
DA:43,4
DA:44,4
DA:45,2
DA:46,2
DA:49,2
DA:50,1
DA:51,1
DA:52,1
DA:55,4
DA:56,2
DA:59,2
DA:60,1
LF:37
LH:37
end_of_record
SF:lib/domain/entities/github_issue.dart
DA:4,6
DA:19,3
DA:20,21
LF:3
LH:3
end_of_record
SF:lib/domain/entities/github_repository.dart
DA:4,7
DA:29,3
DA:30,6
LF:3
LH:3
end_of_record
SF:lib/core/utils/locator.dart
DA:8,3
DA:10,1
DA:11,2
DA:12,2
DA:13,1
DA:16,2
DA:17,2
DA:18,2
DA:21,2
DA:22,4
DA:24,2
DA:25,4
LF:12
LH:12
end_of_record
SF:lib/data/repositories/github_repo_search_repository_impl.dart
DA:10,2
DA:15,1
DA:23,2
DA:28,1
DA:29,1
DA:30,2
DA:34,1
DA:42,2
DA:48,1
DA:49,1
DA:50,2
LF:11
LH:11
end_of_record
SF:lib/domain/usecases/fetch_issues_by_repo.dart
DA:10,2
DA:13,1
DA:17,2
DA:18,1
DA:19,1
DA:21,1
DA:27,3
DA:36,1
DA:37,4
LF:9
LH:9
end_of_record
SF:lib/domain/usecases/fetch_respositories_by_search.dart
DA:10,2
DA:13,1
DA:17,2
DA:18,1
DA:19,1
DA:20,1
DA:26,3
DA:35,1
DA:36,4
LF:9
LH:9
end_of_record
SF:lib/core/error/failures.dart
DA:4,3
DA:5,3
LF:2
LH:2
end_of_record
SF:lib/presentation/search_repo_detail/bloc/search_detail_bloc.dart
DA:10,1
DA:11,2
DA:12,2
DA:20,1
DA:21,1
DA:22,1
DA:23,1
DA:24,2
DA:27,1
DA:31,1
DA:32,0
DA:35,2
DA:39,1
DA:41,2
DA:42,3
DA:46,2
DA:47,1
DA:48,1
DA:49,1
DA:50,1
DA:54,1
DA:55,1
DA:56,1
DA:57,3
DA:59,1
DA:60,1
DA:61,2
DA:63,3
DA:64,1
DA:65,1
DA:66,0
DA:68,3
DA:73,1
DA:74,1
LF:34
LH:32
end_of_record
SF:lib/presentation/search_repo_detail/bloc/search_detail_event.dart
DA:6,2
DA:15,1
DA:16,4
LF:3
LH:3
end_of_record
SF:lib/presentation/search_repo_detail/bloc/search_detail_state.dart
DA:7,0
DA:8,0
DA:12,2
DA:15,1
DA:16,2
DA:20,2
DA:22,1
DA:23,2
DA:27,2
DA:30,1
DA:31,2
LF:11
LH:9
end_of_record
SF:lib/presentation/search_repo_detail/search_detail_page.dart
DA:16,1
DA:24,1
DA:26,1
DA:28,0
DA:30,0
DA:31,0
DA:32,0
DA:42,1
DA:44,1
DA:46,3
DA:47,3
DA:48,1
DA:49,2
DA:50,2
DA:54,3
DA:57,1
DA:59,3
DA:60,2
DA:61,1
DA:64,1
DA:65,2
DA:66,2
DA:67,1
DA:68,1
DA:69,2
DA:70,2
DA:76,1
DA:78,1
DA:79,1
DA:80,2
DA:81,1
DA:82,2
DA:83,2
DA:88,1
DA:89,1
DA:90,1
DA:92,3
DA:95,1
DA:96,1
DA:98,1
DA:99,1
DA:101,1
DA:105,1
DA:106,1
DA:107,1
DA:109,1
DA:110,3
DA:111,1
DA:112,3
DA:115,2
DA:116,1
DA:119,1
DA:120,1
DA:121,2
DA:134,1
DA:137,1
DA:139,1
DA:142,1
DA:144,1
DA:146,1
DA:147,1
DA:148,5
DA:157,1
DA:158,4
DA:159,1
DA:160,1
DA:165,1
DA:167,1
DA:168,1
DA:169,3
DA:172,1
DA:173,1
DA:176,4
DA:189,4
DA:191,1
DA:193,1
DA:194,1
DA:197,1
DA:198,1
DA:199,1
DA:200,1
DA:202,1
DA:204,1
DA:205,1
DA:208,1
DA:211,1
DA:214,1
DA:217,1
DA:219,1
DA:220,1
DA:223,1
DA:225,1
DA:226,1
DA:227,1
DA:230,1
DA:233,1
DA:236,1
LF:97
LH:93
end_of_record
SF:lib/core/utils/extensions.dart
DA:4,1
DA:5,1
DA:6,1
DA:8,3
DA:14,2
DA:15,2
DA:18,4
DA:19,4
DA:20,4
LF:9
LH:9
end_of_record
SF:lib/presentation/search_repo/bloc/search_repo_bloc.dart
DA:11,1
DA:12,2
DA:13,1
DA:14,1
DA:15,1
DA:26,2
DA:31,1
DA:32,1
DA:34,1
DA:35,1
DA:36,1
DA:37,1
DA:38,2
DA:41,1
DA:45,2
DA:46,1
DA:47,2
DA:51,4
DA:52,1
DA:53,2
DA:56,2
DA:60,1
DA:62,2
DA:63,2
DA:65,3
DA:69,2
DA:70,1
DA:71,1
DA:72,1
DA:77,1
DA:78,1
DA:79,1
DA:80,3
DA:82,1
DA:83,1
DA:84,2
DA:86,1
DA:87,1
DA:88,3
DA:90,2
DA:91,1
DA:93,1
DA:94,1
DA:95,5
DA:98,1
DA:99,3
DA:105,1
DA:106,1
LF:48
LH:48
end_of_record
SF:lib/presentation/search_repo/bloc/search_repo_event.dart
DA:6,2
DA:13,1
DA:14,3
LF:3
LH:3
end_of_record
SF:lib/presentation/search_repo/bloc/search_repo_state.dart
DA:5,1
DA:6,1
DA:14,2
DA:17,1
DA:18,2
DA:22,1
DA:23,1
DA:27,2
DA:30,1
DA:31,2
LF:10
LH:10
end_of_record
SF:lib/presentation/search_repo/repo_search_page.dart
DA:16,3
DA:18,1
DA:19,1
DA:21,0
DA:23,0
DA:24,0
DA:25,0
DA:36,1
DA:38,1
DA:39,3
DA:42,1
DA:44,3
DA:45,2
DA:46,2
DA:47,1
DA:50,1
DA:51,2
DA:52,2
DA:53,1
DA:54,1
DA:55,2
DA:61,1
DA:63,1
DA:64,1
DA:65,2
DA:66,1
DA:67,2
DA:72,1
DA:73,1
DA:74,1
DA:76,3
DA:79,1
DA:80,1
DA:81,1
DA:83,1
DA:84,1
DA:85,1
DA:86,2
DA:87,1
DA:92,1
DA:93,2
DA:94,1
DA:101,1
DA:102,1
DA:103,1
DA:105,1
DA:107,1
DA:108,1
DA:110,1
DA:114,1
DA:115,1
DA:116,1
DA:118,1
DA:119,3
DA:121,1
DA:122,3
DA:125,2
DA:126,1
DA:127,1
DA:128,2
DA:129,2
DA:136,2
DA:137,1
DA:138,1
DA:139,1
DA:144,2
DA:146,1
DA:147,1
DA:148,1
DA:149,1
DA:150,1
DA:151,1
DA:152,1
DA:153,1
DA:154,1
DA:155,1
DA:159,1
DA:160,1
DA:161,2
DA:177,1
DA:205,1
DA:207,1
DA:208,1
DA:209,1
DA:210,1
DA:213,1
DA:215,1
DA:218,1
DA:219,1
DA:220,1
DA:221,1
DA:222,2
DA:225,1
DA:226,1
DA:229,1
DA:230,1
DA:231,1
DA:232,1
DA:240,1
DA:241,2
DA:242,2
DA:250,4
DA:251,1
DA:252,1
DA:253,2
DA:257,1
DA:259,1
DA:260,1
DA:261,1
DA:263,2
DA:264,1
DA:267,1
DA:268,1
DA:271,2
DA:272,1
DA:275,1
DA:276,1
DA:279,2
DA:280,1
DA:285,1
DA:286,1
DA:287,1
DA:289,1
DA:290,1
DA:291,1
DA:293,2
DA:296,1
DA:297,1
DA:300,1
DA:315,1
DA:326,1
DA:328,1
DA:329,1
DA:330,1
DA:331,3
DA:333,1
DA:334,1
DA:335,1
DA:346,2
DA:348,1
DA:350,1
DA:351,1
DA:354,1
DA:355,1
DA:356,1
DA:357,1
DA:359,1
DA:361,1
DA:362,1
DA:363,1
DA:364,1
DA:365,1
DA:369,1
DA:371,1
DA:372,1
DA:373,1
DA:378,1
DA:379,1
DA:388,1
DA:389,1
DA:394,1
DA:396,1
DA:397,1
DA:398,1
DA:399,1
DA:403,1
DA:405,1
DA:406,1
DA:407,1
DA:419,1
DA:421,1
DA:422,1
DA:423,1
DA:424,1
DA:429,1
DA:430,1
LF:176
LH:172
end_of_record
SF:lib/presentation/search_repo/widgets/search_bar.dart
DA:5,1
DA:15,1
DA:16,1
DA:22,1
DA:24,1
DA:25,6
DA:26,4
DA:29,1
DA:30,6
DA:33,1
DA:35,2
DA:36,4
DA:37,1
DA:40,1
DA:42,1
DA:43,2
DA:44,1
DA:45,1
DA:47,1
DA:48,1
DA:49,1
DA:50,1
DA:52,1
DA:54,1
DA:55,3
DA:56,3
DA:65,1
DA:66,1
DA:69,1
DA:71,1
DA:72,2
DA:73,3
LF:32
LH:32
end_of_record
